
 /----------------------------------------------------------------------------\
 |  yosys -- Yosys Open SYnthesis Suite                                       |
 |  Copyright (C) 2012 - 2025  Claire Xenia Wolf <claire@yosyshq.com>         |
 |  Distributed under an ISC-like license, type "license" to see terms        |
 \----------------------------------------------------------------------------/
 Yosys 0.52 (git sha1 fee39a3284c90249e1d9684cf6944ffbbcbb8f90)

-- Executing script file `synth_mapped.ys' --

1. Executing Verilog-2005 frontend: ../rtl/top.sv
Parsing SystemVerilog input from `../rtl/top.sv' to AST representation.
Generating RTLIL representation for module `\top'.
Successfully finished Verilog frontend.

2. Executing Verilog-2005 frontend: ../../m2/rtl/interface.sv
Parsing SystemVerilog input from `../../m2/rtl/interface.sv' to AST representation.
Generating RTLIL representation for module `\interface_axi'.
Successfully finished Verilog frontend.

3. Executing Verilog-2005 frontend: ../../m2/rtl/compute_core.sv
Parsing SystemVerilog input from `../../m2/rtl/compute_core.sv' to AST representation.
Generating RTLIL representation for module `\compute_core'.
Successfully finished Verilog frontend.

4. Executing Verilog-2005 frontend: ../../m2/rtl/q15_mac.sv
Parsing SystemVerilog input from `../../m2/rtl/q15_mac.sv' to AST representation.
Generating RTLIL representation for module `\q15_mac'.
Successfully finished Verilog frontend.

5. Executing Verilog-2005 frontend: ../../m2/rtl/q15_tanh.sv
Parsing SystemVerilog input from `../../m2/rtl/q15_tanh.sv' to AST representation.
Generating RTLIL representation for module `\q15_tanh'.
Successfully finished Verilog frontend.

6. Executing Verilog-2005 frontend: ../../m2/rtl/q15_blend.sv
Parsing SystemVerilog input from `../../m2/rtl/q15_blend.sv' to AST representation.
Generating RTLIL representation for module `\q15_blend'.
Successfully finished Verilog frontend.

7. Executing HIERARCHY pass (managing design hierarchy).

7.1. Analyzing design hierarchy..
Top module:  \top
Used module:     \interface_axi
Used module:         \compute_core
Used module:             \q15_blend
Used module:             \q15_tanh
Used module:             \q15_mac
Parameter \AXIL_ADDR_W = 8
Parameter \AXIL_DATA_W = 32
Parameter \AXIS_DATA_W = 32

7.2. Executing AST frontend in derive mode using pre-parsed AST for module `\interface_axi'.
Parameter \AXIL_ADDR_W = 8
Parameter \AXIL_DATA_W = 32
Parameter \AXIS_DATA_W = 32
Generating RTLIL representation for module `$paramod$cadb493d91654c2b6e3ebd7759b7eaaae826eda7\interface_axi'.

7.3. Analyzing design hierarchy..
Top module:  \top
Used module:     $paramod$cadb493d91654c2b6e3ebd7759b7eaaae826eda7\interface_axi
Used module:         \compute_core
Used module:             \q15_blend
Used module:             \q15_tanh
Used module:             \q15_mac

7.4. Analyzing design hierarchy..
Top module:  \top
Used module:     $paramod$cadb493d91654c2b6e3ebd7759b7eaaae826eda7\interface_axi
Used module:         \compute_core
Used module:             \q15_blend
Used module:             \q15_tanh
Used module:             \q15_mac
Removing unused module `\interface_axi'.
Removed 1 unused modules.

8. Executing SYNTH pass.

8.1. Executing HIERARCHY pass (managing design hierarchy).

8.1.1. Analyzing design hierarchy..
Top module:  \top
Used module:     $paramod$cadb493d91654c2b6e3ebd7759b7eaaae826eda7\interface_axi
Used module:         \compute_core
Used module:             \q15_blend
Used module:             \q15_tanh
Used module:             \q15_mac

8.1.2. Analyzing design hierarchy..
Top module:  \top
Used module:     $paramod$cadb493d91654c2b6e3ebd7759b7eaaae826eda7\interface_axi
Used module:         \compute_core
Used module:             \q15_blend
Used module:             \q15_tanh
Used module:             \q15_mac
Removed 0 unused modules.

8.2. Executing PROC pass (convert processes to netlists).

8.2.1. Executing PROC_CLEAN pass (remove empty switches from decision trees).
Cleaned up 0 empty switches.

8.2.2. Executing PROC_RMDEAD pass (remove dead branches from decision trees).
Marked 2 switch rules as full_case in process $proc$../../m2/rtl/q15_blend.sv:0$73 in module q15_blend.
Marked 6 switch rules as full_case in process $proc$../../m2/rtl/q15_tanh.sv:0$57 in module q15_tanh.
Marked 2 switch rules as full_case in process $proc$../../m2/rtl/q15_mac.sv:90$50 in module q15_mac.
Marked 1 switch rules as full_case in process $proc$../../m2/rtl/compute_core.sv:259$47 in module compute_core.
Marked 2 switch rules as full_case in process $proc$../../m2/rtl/compute_core.sv:0$44 in module compute_core.
Marked 1 switch rules as full_case in process $proc$../../m2/rtl/compute_core.sv:215$43 in module compute_core.
Marked 1 switch rules as full_case in process $proc$../../m2/rtl/compute_core.sv:186$36 in module compute_core.
Marked 1 switch rules as full_case in process $proc$../../m2/rtl/compute_core.sv:150$33 in module compute_core.
Marked 1 switch rules as full_case in process $proc$../../m2/rtl/interface.sv:293$100 in module $paramod$cadb493d91654c2b6e3ebd7759b7eaaae826eda7\interface_axi.
Marked 1 switch rules as full_case in process $proc$../../m2/rtl/interface.sv:224$92 in module $paramod$cadb493d91654c2b6e3ebd7759b7eaaae826eda7\interface_axi.
Marked 2 switch rules as full_case in process $proc$../../m2/rtl/interface.sv:165$76 in module $paramod$cadb493d91654c2b6e3ebd7759b7eaaae826eda7\interface_axi.
Removed a total of 0 dead cases.

8.2.3. Executing PROC_PRUNE pass (remove redundant assignments in processes).
Removed 4 redundant assignments.
Promoted 3 assignments to connections.

8.2.4. Executing PROC_INIT pass (extract init attributes).

8.2.5. Executing PROC_ARST pass (detect async resets in processes).

8.2.6. Executing PROC_ROM pass (convert switches to ROMs).
Converted 0 switches.
<suppressed ~39 debug messages>

8.2.7. Executing PROC_MUX pass (convert decision trees to multiplexers).
Creating decoders for process `\q15_blend.$proc$../../m2/rtl/q15_blend.sv:0$73'.
     1/2: $2\x_new[15:0]
     2/2: $1\x_new[15:0]
Creating decoders for process `\q15_tanh.$proc$../../m2/rtl/q15_tanh.sv:0$57'.
     1/6: $6\tanh_out[15:0]
     2/6: $5\tanh_out[15:0]
     3/6: $4\tanh_out[15:0]
     4/6: $3\tanh_out[15:0]
     5/6: $2\tanh_out[15:0]
     6/6: $1\tanh_out[15:0]
Creating decoders for process `\q15_mac.$proc$../../m2/rtl/q15_mac.sv:90$50'.
     1/1: $0\acc[31:0]
Creating decoders for process `\compute_core.$proc$../../m2/rtl/compute_core.sv:259$47'.
     1/5: $0\N_minus_1_reg[15:0]
     2/5: $0\k_counter[15:0]
     3/5: $0\x_prev_self_reg[15:0]
     4/5: $0\win_u_reg[31:0]
     5/5: $0\leak_rate_reg[15:0]
Creating decoders for process `\compute_core.$proc$../../m2/rtl/compute_core.sv:0$44'.
     1/3: $3\next_state[2:0]
     2/3: $2\next_state[2:0]
     3/3: $1\next_state[2:0]
Creating decoders for process `\compute_core.$proc$../../m2/rtl/compute_core.sv:215$43'.
     1/1: $0\state[2:0]
Creating decoders for process `\compute_core.$proc$../../m2/rtl/compute_core.sv:186$36'.
     1/3: $0\done_reg[0:0]
     2/3: $0\x_new_valid_reg[0:0]
     3/3: $0\x_new_reg[15:0]
Creating decoders for process `\compute_core.$proc$../../m2/rtl/compute_core.sv:150$33'.
     1/1: $0\pre_act[31:0]
Creating decoders for process `$paramod$cadb493d91654c2b6e3ebd7759b7eaaae826eda7\interface_axi.$proc$../../m2/rtl/interface.sv:293$100'.
     1/4: $0\r_pending[0:0]
     2/4: $0\s_axil_rvalid[0:0]
     3/4: $0\s_axil_rresp[1:0]
     4/4: $0\s_axil_rdata[31:0]
Creating decoders for process `$paramod$cadb493d91654c2b6e3ebd7759b7eaaae826eda7\interface_axi.$proc$../../m2/rtl/interface.sv:224$92'.
     1/12: $0\start_pulse[0:0]
     2/12: $0\b_pending[0:0]
     3/12: $0\w_q_valid[0:0]
     4/12: $0\wdata_q[31:0]
     5/12: $0\aw_q_valid[0:0]
     6/12: $0\awaddr_q[7:0]
     7/12: $0\reg_x_prev[15:0]
     8/12: $0\reg_win_u[31:0]
     9/12: $0\reg_leak_rate[15:0]
    10/12: $0\reg_n_minus_1[15:0]
    11/12: $0\s_axil_bvalid[0:0]
    12/12: $0\s_axil_bresp[1:0]
Creating decoders for process `$paramod$cadb493d91654c2b6e3ebd7759b7eaaae826eda7\interface_axi.$proc$../../m2/rtl/interface.sv:165$76'.
     1/2: $0\sticky_done[0:0]
     2/2: $0\reg_x_new[15:0]

8.2.8. Executing PROC_DLATCH pass (convert process syncs to latches).
No latch inferred for signal `\q15_blend.\x_new' from process `\q15_blend.$proc$../../m2/rtl/q15_blend.sv:0$73'.
No latch inferred for signal `\q15_tanh.\tanh_out' from process `\q15_tanh.$proc$../../m2/rtl/q15_tanh.sv:0$57'.
No latch inferred for signal `\compute_core.\next_state' from process `\compute_core.$proc$../../m2/rtl/compute_core.sv:0$44'.

8.2.9. Executing PROC_DFF pass (convert process syncs to FFs).
Creating register for signal `\q15_mac.\acc' using process `\q15_mac.$proc$../../m2/rtl/q15_mac.sv:90$50'.
  created $dff cell `$procdff$418' with positive edge clock.
Creating register for signal `\compute_core.\leak_rate_reg' using process `\compute_core.$proc$../../m2/rtl/compute_core.sv:259$47'.
  created $dff cell `$procdff$419' with positive edge clock.
Creating register for signal `\compute_core.\win_u_reg' using process `\compute_core.$proc$../../m2/rtl/compute_core.sv:259$47'.
  created $dff cell `$procdff$420' with positive edge clock.
Creating register for signal `\compute_core.\x_prev_self_reg' using process `\compute_core.$proc$../../m2/rtl/compute_core.sv:259$47'.
  created $dff cell `$procdff$421' with positive edge clock.
Creating register for signal `\compute_core.\k_counter' using process `\compute_core.$proc$../../m2/rtl/compute_core.sv:259$47'.
  created $dff cell `$procdff$422' with positive edge clock.
Creating register for signal `\compute_core.\N_minus_1_reg' using process `\compute_core.$proc$../../m2/rtl/compute_core.sv:259$47'.
  created $dff cell `$procdff$423' with positive edge clock.
Creating register for signal `\compute_core.\state' using process `\compute_core.$proc$../../m2/rtl/compute_core.sv:215$43'.
  created $dff cell `$procdff$424' with positive edge clock.
Creating register for signal `\compute_core.\x_new_reg' using process `\compute_core.$proc$../../m2/rtl/compute_core.sv:186$36'.
  created $dff cell `$procdff$425' with positive edge clock.
Creating register for signal `\compute_core.\x_new_valid_reg' using process `\compute_core.$proc$../../m2/rtl/compute_core.sv:186$36'.
  created $dff cell `$procdff$426' with positive edge clock.
Creating register for signal `\compute_core.\done_reg' using process `\compute_core.$proc$../../m2/rtl/compute_core.sv:186$36'.
  created $dff cell `$procdff$427' with positive edge clock.
Creating register for signal `\compute_core.\pre_act' using process `\compute_core.$proc$../../m2/rtl/compute_core.sv:150$33'.
  created $dff cell `$procdff$428' with positive edge clock.
Creating register for signal `$paramod$cadb493d91654c2b6e3ebd7759b7eaaae826eda7\interface_axi.\s_axil_rdata' using process `$paramod$cadb493d91654c2b6e3ebd7759b7eaaae826eda7\interface_axi.$proc$../../m2/rtl/interface.sv:293$100'.
  created $dff cell `$procdff$429' with positive edge clock.
Creating register for signal `$paramod$cadb493d91654c2b6e3ebd7759b7eaaae826eda7\interface_axi.\s_axil_rresp' using process `$paramod$cadb493d91654c2b6e3ebd7759b7eaaae826eda7\interface_axi.$proc$../../m2/rtl/interface.sv:293$100'.
  created $dff cell `$procdff$430' with positive edge clock.
Creating register for signal `$paramod$cadb493d91654c2b6e3ebd7759b7eaaae826eda7\interface_axi.\s_axil_rvalid' using process `$paramod$cadb493d91654c2b6e3ebd7759b7eaaae826eda7\interface_axi.$proc$../../m2/rtl/interface.sv:293$100'.
  created $dff cell `$procdff$431' with positive edge clock.
Creating register for signal `$paramod$cadb493d91654c2b6e3ebd7759b7eaaae826eda7\interface_axi.\r_pending' using process `$paramod$cadb493d91654c2b6e3ebd7759b7eaaae826eda7\interface_axi.$proc$../../m2/rtl/interface.sv:293$100'.
  created $dff cell `$procdff$432' with positive edge clock.
Creating register for signal `$paramod$cadb493d91654c2b6e3ebd7759b7eaaae826eda7\interface_axi.\s_axil_bresp' using process `$paramod$cadb493d91654c2b6e3ebd7759b7eaaae826eda7\interface_axi.$proc$../../m2/rtl/interface.sv:224$92'.
  created $dff cell `$procdff$433' with positive edge clock.
Creating register for signal `$paramod$cadb493d91654c2b6e3ebd7759b7eaaae826eda7\interface_axi.\s_axil_bvalid' using process `$paramod$cadb493d91654c2b6e3ebd7759b7eaaae826eda7\interface_axi.$proc$../../m2/rtl/interface.sv:224$92'.
  created $dff cell `$procdff$434' with positive edge clock.
Creating register for signal `$paramod$cadb493d91654c2b6e3ebd7759b7eaaae826eda7\interface_axi.\reg_n_minus_1' using process `$paramod$cadb493d91654c2b6e3ebd7759b7eaaae826eda7\interface_axi.$proc$../../m2/rtl/interface.sv:224$92'.
  created $dff cell `$procdff$435' with positive edge clock.
Creating register for signal `$paramod$cadb493d91654c2b6e3ebd7759b7eaaae826eda7\interface_axi.\reg_leak_rate' using process `$paramod$cadb493d91654c2b6e3ebd7759b7eaaae826eda7\interface_axi.$proc$../../m2/rtl/interface.sv:224$92'.
  created $dff cell `$procdff$436' with positive edge clock.
Creating register for signal `$paramod$cadb493d91654c2b6e3ebd7759b7eaaae826eda7\interface_axi.\reg_win_u' using process `$paramod$cadb493d91654c2b6e3ebd7759b7eaaae826eda7\interface_axi.$proc$../../m2/rtl/interface.sv:224$92'.
  created $dff cell `$procdff$437' with positive edge clock.
Creating register for signal `$paramod$cadb493d91654c2b6e3ebd7759b7eaaae826eda7\interface_axi.\reg_x_prev' using process `$paramod$cadb493d91654c2b6e3ebd7759b7eaaae826eda7\interface_axi.$proc$../../m2/rtl/interface.sv:224$92'.
  created $dff cell `$procdff$438' with positive edge clock.
Creating register for signal `$paramod$cadb493d91654c2b6e3ebd7759b7eaaae826eda7\interface_axi.\start_pulse' using process `$paramod$cadb493d91654c2b6e3ebd7759b7eaaae826eda7\interface_axi.$proc$../../m2/rtl/interface.sv:224$92'.
  created $dff cell `$procdff$439' with positive edge clock.
Creating register for signal `$paramod$cadb493d91654c2b6e3ebd7759b7eaaae826eda7\interface_axi.\awaddr_q' using process `$paramod$cadb493d91654c2b6e3ebd7759b7eaaae826eda7\interface_axi.$proc$../../m2/rtl/interface.sv:224$92'.
  created $dff cell `$procdff$440' with positive edge clock.
Creating register for signal `$paramod$cadb493d91654c2b6e3ebd7759b7eaaae826eda7\interface_axi.\aw_q_valid' using process `$paramod$cadb493d91654c2b6e3ebd7759b7eaaae826eda7\interface_axi.$proc$../../m2/rtl/interface.sv:224$92'.
  created $dff cell `$procdff$441' with positive edge clock.
Creating register for signal `$paramod$cadb493d91654c2b6e3ebd7759b7eaaae826eda7\interface_axi.\wdata_q' using process `$paramod$cadb493d91654c2b6e3ebd7759b7eaaae826eda7\interface_axi.$proc$../../m2/rtl/interface.sv:224$92'.
  created $dff cell `$procdff$442' with positive edge clock.
Creating register for signal `$paramod$cadb493d91654c2b6e3ebd7759b7eaaae826eda7\interface_axi.\w_q_valid' using process `$paramod$cadb493d91654c2b6e3ebd7759b7eaaae826eda7\interface_axi.$proc$../../m2/rtl/interface.sv:224$92'.
  created $dff cell `$procdff$443' with positive edge clock.
Creating register for signal `$paramod$cadb493d91654c2b6e3ebd7759b7eaaae826eda7\interface_axi.\b_pending' using process `$paramod$cadb493d91654c2b6e3ebd7759b7eaaae826eda7\interface_axi.$proc$../../m2/rtl/interface.sv:224$92'.
  created $dff cell `$procdff$444' with positive edge clock.
Creating register for signal `$paramod$cadb493d91654c2b6e3ebd7759b7eaaae826eda7\interface_axi.\reg_x_new' using process `$paramod$cadb493d91654c2b6e3ebd7759b7eaaae826eda7\interface_axi.$proc$../../m2/rtl/interface.sv:165$76'.
  created $dff cell `$procdff$445' with positive edge clock.
Creating register for signal `$paramod$cadb493d91654c2b6e3ebd7759b7eaaae826eda7\interface_axi.\sticky_done' using process `$paramod$cadb493d91654c2b6e3ebd7759b7eaaae826eda7\interface_axi.$proc$../../m2/rtl/interface.sv:165$76'.
  created $dff cell `$procdff$446' with positive edge clock.

8.2.10. Executing PROC_MEMWR pass (convert process memory writes to cells).

8.2.11. Executing PROC_CLEAN pass (remove empty switches from decision trees).
Found and cleaned up 2 empty switches in `\q15_blend.$proc$../../m2/rtl/q15_blend.sv:0$73'.
Removing empty process `q15_blend.$proc$../../m2/rtl/q15_blend.sv:0$73'.
Found and cleaned up 6 empty switches in `\q15_tanh.$proc$../../m2/rtl/q15_tanh.sv:0$57'.
Removing empty process `q15_tanh.$proc$../../m2/rtl/q15_tanh.sv:0$57'.
Found and cleaned up 3 empty switches in `\q15_mac.$proc$../../m2/rtl/q15_mac.sv:90$50'.
Removing empty process `q15_mac.$proc$../../m2/rtl/q15_mac.sv:90$50'.
Found and cleaned up 4 empty switches in `\compute_core.$proc$../../m2/rtl/compute_core.sv:259$47'.
Removing empty process `compute_core.$proc$../../m2/rtl/compute_core.sv:259$47'.
Found and cleaned up 3 empty switches in `\compute_core.$proc$../../m2/rtl/compute_core.sv:0$44'.
Removing empty process `compute_core.$proc$../../m2/rtl/compute_core.sv:0$44'.
Found and cleaned up 1 empty switch in `\compute_core.$proc$../../m2/rtl/compute_core.sv:215$43'.
Removing empty process `compute_core.$proc$../../m2/rtl/compute_core.sv:215$43'.
Found and cleaned up 3 empty switches in `\compute_core.$proc$../../m2/rtl/compute_core.sv:186$36'.
Removing empty process `compute_core.$proc$../../m2/rtl/compute_core.sv:186$36'.
Found and cleaned up 2 empty switches in `\compute_core.$proc$../../m2/rtl/compute_core.sv:150$33'.
Removing empty process `compute_core.$proc$../../m2/rtl/compute_core.sv:150$33'.
Found and cleaned up 4 empty switches in `$paramod$cadb493d91654c2b6e3ebd7759b7eaaae826eda7\interface_axi.$proc$../../m2/rtl/interface.sv:293$100'.
Removing empty process `$paramod$cadb493d91654c2b6e3ebd7759b7eaaae826eda7\interface_axi.$proc$../../m2/rtl/interface.sv:293$100'.
Found and cleaned up 7 empty switches in `$paramod$cadb493d91654c2b6e3ebd7759b7eaaae826eda7\interface_axi.$proc$../../m2/rtl/interface.sv:224$92'.
Removing empty process `$paramod$cadb493d91654c2b6e3ebd7759b7eaaae826eda7\interface_axi.$proc$../../m2/rtl/interface.sv:224$92'.
Found and cleaned up 4 empty switches in `$paramod$cadb493d91654c2b6e3ebd7759b7eaaae826eda7\interface_axi.$proc$../../m2/rtl/interface.sv:165$76'.
Removing empty process `$paramod$cadb493d91654c2b6e3ebd7759b7eaaae826eda7\interface_axi.$proc$../../m2/rtl/interface.sv:165$76'.
Cleaned up 39 empty switches.

8.2.12. Executing OPT_EXPR pass (perform const folding).
Optimizing module q15_blend.
<suppressed ~1 debug messages>
Optimizing module q15_tanh.
<suppressed ~4 debug messages>
Optimizing module q15_mac.
Optimizing module compute_core.
<suppressed ~8 debug messages>
Optimizing module $paramod$cadb493d91654c2b6e3ebd7759b7eaaae826eda7\interface_axi.
<suppressed ~1 debug messages>
Optimizing module top.

8.3. Executing FLATTEN pass (flatten design).
Deleting now unused module q15_blend.
Deleting now unused module q15_tanh.
Deleting now unused module q15_mac.
Deleting now unused module compute_core.
Deleting now unused module $paramod$cadb493d91654c2b6e3ebd7759b7eaaae826eda7\interface_axi.
<suppressed ~5 debug messages>

8.4. Executing OPT_EXPR pass (perform const folding).
Optimizing module top.

8.5. Executing OPT_CLEAN pass (remove unused cells and wires).
Finding unused cells or wires in module \top..
Removed 0 unused cells and 165 unused wires.
<suppressed ~1 debug messages>

8.6. Executing CHECK pass (checking for obvious problems).
Checking module top...
Found and reported 0 problems.

8.7. Executing OPT pass (performing simple optimizations).

8.7.1. Executing OPT_EXPR pass (perform const folding).
Optimizing module top.

8.7.2. Executing OPT_MERGE pass (detect identical cells).
Finding identical cells in module `\top'.
<suppressed ~51 debug messages>
Removed a total of 17 cells.

8.7.3. Executing OPT_MUXTREE pass (detect dead branches in mux trees).
Running muxtree optimizer on module \top..
  Creating internal representation of mux trees.
  Evaluating internal representation of mux trees.
  Analyzing evaluation results.
    dead port 2/2 on $mux $flatten\u_iface.\u_core.$procmux$238.
    dead port 2/2 on $mux $flatten\u_iface.\u_core.$procmux$249.
    dead port 1/2 on $mux $flatten\u_iface.\u_core.\u_blend.$procmux$108.
    dead port 1/2 on $mux $flatten\u_iface.\u_core.\u_tanh.$procmux$117.
    dead port 1/2 on $mux $flatten\u_iface.\u_core.\u_tanh.$procmux$120.
    dead port 1/2 on $mux $flatten\u_iface.\u_core.\u_tanh.$procmux$123.
    dead port 1/2 on $mux $flatten\u_iface.\u_core.\u_tanh.$procmux$126.
    dead port 1/2 on $mux $flatten\u_iface.\u_core.\u_tanh.$procmux$129.
    dead port 1/2 on $mux $flatten\u_iface.\u_core.\u_tanh.$procmux$135.
    dead port 1/2 on $mux $flatten\u_iface.\u_core.\u_tanh.$procmux$138.
    dead port 1/2 on $mux $flatten\u_iface.\u_core.\u_tanh.$procmux$141.
    dead port 1/2 on $mux $flatten\u_iface.\u_core.\u_tanh.$procmux$144.
    dead port 1/2 on $mux $flatten\u_iface.\u_core.\u_tanh.$procmux$150.
    dead port 1/2 on $mux $flatten\u_iface.\u_core.\u_tanh.$procmux$153.
    dead port 1/2 on $mux $flatten\u_iface.\u_core.\u_tanh.$procmux$156.
    dead port 1/2 on $mux $flatten\u_iface.\u_core.\u_tanh.$procmux$162.
    dead port 1/2 on $mux $flatten\u_iface.\u_core.\u_tanh.$procmux$165.
    dead port 1/2 on $mux $flatten\u_iface.\u_core.\u_tanh.$procmux$171.
Removed 18 multiplexer ports.
<suppressed ~32 debug messages>

8.7.4. Executing OPT_REDUCE pass (consolidate $*mux and $reduce_* inputs).
  Optimizing cells in module \top.
Performed a total of 0 changes.

8.7.5. Executing OPT_MERGE pass (detect identical cells).
Finding identical cells in module `\top'.
<suppressed ~9 debug messages>
Removed a total of 3 cells.

8.7.6. Executing OPT_DFF pass (perform DFF optimizations).

8.7.7. Executing OPT_CLEAN pass (remove unused cells and wires).
Finding unused cells or wires in module \top..
Removed 0 unused cells and 36 unused wires.
<suppressed ~1 debug messages>

8.7.8. Executing OPT_EXPR pass (perform const folding).
Optimizing module top.

8.7.9. Rerunning OPT passes. (Maybe there is more to do..)

8.7.10. Executing OPT_MUXTREE pass (detect dead branches in mux trees).
Running muxtree optimizer on module \top..
  Creating internal representation of mux trees.
  Evaluating internal representation of mux trees.
  Analyzing evaluation results.
Removed 0 multiplexer ports.
<suppressed ~31 debug messages>

8.7.11. Executing OPT_REDUCE pass (consolidate $*mux and $reduce_* inputs).
  Optimizing cells in module \top.
Performed a total of 0 changes.

8.7.12. Executing OPT_MERGE pass (detect identical cells).
Finding identical cells in module `\top'.
Removed a total of 0 cells.

8.7.13. Executing OPT_DFF pass (perform DFF optimizations).

8.7.14. Executing OPT_CLEAN pass (remove unused cells and wires).
Finding unused cells or wires in module \top..

8.7.15. Executing OPT_EXPR pass (perform const folding).
Optimizing module top.

8.7.16. Finished OPT passes. (There is nothing left to do.)

8.8. Executing FSM pass (extract and optimize FSM).

8.8.1. Executing FSM_DETECT pass (finding FSMs in design).
Not marking top.u_iface.s_axil_bresp as FSM state register:
    Register is connected to module port.
    Users of register don't seem to benefit from recoding.
Not marking top.u_iface.s_axil_rresp as FSM state register:
    Register is connected to module port.
    Users of register don't seem to benefit from recoding.
Not marking top.u_iface.u_core.state as FSM state register:
    Users of register don't seem to benefit from recoding.

8.8.2. Executing FSM_EXTRACT pass (extracting FSM from design).

8.8.3. Executing FSM_OPT pass (simple optimizations of FSMs).

8.8.4. Executing OPT_CLEAN pass (remove unused cells and wires).
Finding unused cells or wires in module \top..

8.8.5. Executing FSM_OPT pass (simple optimizations of FSMs).

8.8.6. Executing FSM_RECODE pass (re-assigning FSM state encoding).

8.8.7. Executing FSM_INFO pass (dumping all available information on FSM cells).

8.8.8. Executing FSM_MAP pass (mapping FSMs to basic logic).

8.9. Executing OPT pass (performing simple optimizations).

8.9.1. Executing OPT_EXPR pass (perform const folding).
Optimizing module top.

8.9.2. Executing OPT_MERGE pass (detect identical cells).
Finding identical cells in module `\top'.
Removed a total of 0 cells.

8.9.3. Executing OPT_MUXTREE pass (detect dead branches in mux trees).
Running muxtree optimizer on module \top..
  Creating internal representation of mux trees.
  Evaluating internal representation of mux trees.
  Analyzing evaluation results.
Removed 0 multiplexer ports.
<suppressed ~31 debug messages>

8.9.4. Executing OPT_REDUCE pass (consolidate $*mux and $reduce_* inputs).
  Optimizing cells in module \top.
Performed a total of 0 changes.

8.9.5. Executing OPT_MERGE pass (detect identical cells).
Finding identical cells in module `\top'.
Removed a total of 0 cells.

8.9.6. Executing OPT_DFF pass (perform DFF optimizations).
Adding SRST signal on $flatten\u_iface.\u_core.\u_mac.$procdff$418 ($dff) from module top (D = $flatten\u_iface.\u_core.\u_mac.$procmux$176_Y, Q = \u_iface.u_core.u_mac.acc, rval = 0).
Adding EN signal on $auto$ff.cc:266:slice$452 ($sdff) from module top (D = $flatten\u_iface.\u_core.\u_mac.$add$../../m2/rtl/q15_mac.sv:96$51_Y, Q = \u_iface.u_core.u_mac.acc).
Adding SRST signal on $flatten\u_iface.\u_core.$procdff$428 ($dff) from module top (D = $flatten\u_iface.\u_core.$procmux$277_Y, Q = \u_iface.u_core.pre_act, rval = 0).
Adding EN signal on $auto$ff.cc:266:slice$456 ($sdff) from module top (D = $flatten\u_iface.\u_core.$add$../../m2/rtl/compute_core.sv:154$35_Y, Q = \u_iface.u_core.pre_act).
Adding SRST signal on $flatten\u_iface.\u_core.$procdff$426 ($dff) from module top (D = $flatten\u_iface.\u_core.$procmux$262_Y, Q = \u_iface.u_core.x_new_valid_reg, rval = 1'0).
Adding SRST signal on $flatten\u_iface.\u_core.$procdff$425 ($dff) from module top (D = $flatten\u_iface.\u_core.$procmux$272_Y, Q = \u_iface.u_core.x_new_reg, rval = 16'0000000000000000).
Adding EN signal on $auto$ff.cc:266:slice$459 ($sdff) from module top (D = \u_iface.u_core.blend_out, Q = \u_iface.u_core.x_new_reg).
Adding SRST signal on $flatten\u_iface.\u_core.$procdff$424 ($dff) from module top (D = \u_iface.u_core.next_state, Q = \u_iface.u_core.state, rval = 3'000).
Adding EN signal on $auto$ff.cc:266:slice$461 ($sdff) from module top (D = \u_iface.u_core.next_state, Q = \u_iface.u_core.state).
Adding SRST signal on $flatten\u_iface.\u_core.$procdff$423 ($dff) from module top (D = $flatten\u_iface.\u_core.$procmux$188_Y, Q = \u_iface.u_core.N_minus_1_reg, rval = 16'0000000000000000).
Adding EN signal on $auto$ff.cc:266:slice$469 ($sdff) from module top (D = \u_iface.reg_n_minus_1, Q = \u_iface.u_core.N_minus_1_reg).
Adding SRST signal on $flatten\u_iface.\u_core.$procdff$422 ($dff) from module top (D = $flatten\u_iface.\u_core.$procmux$196_Y, Q = \u_iface.u_core.k_counter, rval = 16'0000000000000000).
Adding EN signal on $auto$ff.cc:266:slice$473 ($sdff) from module top (D = $flatten\u_iface.\u_core.$procmux$196_Y, Q = \u_iface.u_core.k_counter).
Adding SRST signal on $flatten\u_iface.\u_core.$procdff$421 ($dff) from module top (D = $flatten\u_iface.\u_core.$procmux$208_Y, Q = \u_iface.u_core.x_prev_self_reg, rval = 16'0000000000000000).
Adding EN signal on $auto$ff.cc:266:slice$483 ($sdff) from module top (D = \u_iface.reg_x_prev, Q = \u_iface.u_core.x_prev_self_reg).
Adding SRST signal on $flatten\u_iface.\u_core.$procdff$420 ($dff) from module top (D = $flatten\u_iface.\u_core.$procmux$217_Y, Q = \u_iface.u_core.win_u_reg, rval = 0).
Adding EN signal on $auto$ff.cc:266:slice$487 ($sdff) from module top (D = \u_iface.reg_win_u, Q = \u_iface.u_core.win_u_reg).
Adding SRST signal on $flatten\u_iface.\u_core.$procdff$419 ($dff) from module top (D = $flatten\u_iface.\u_core.$procmux$226_Y, Q = \u_iface.u_core.leak_rate_reg, rval = 16'0000000000000000).
Adding EN signal on $auto$ff.cc:266:slice$491 ($sdff) from module top (D = \u_iface.reg_leak_rate, Q = \u_iface.u_core.leak_rate_reg).
Adding SRST signal on $flatten\u_iface.$procdff$446 ($dff) from module top (D = $flatten\u_iface.$procmux$408_Y, Q = \u_iface.sticky_done, rval = 1'0).
Adding EN signal on $auto$ff.cc:266:slice$495 ($sdff) from module top (D = $flatten\u_iface.$procmux$408_Y, Q = \u_iface.sticky_done).
Adding SRST signal on $flatten\u_iface.$procdff$445 ($dff) from module top (D = $flatten\u_iface.$procmux$413_Y, Q = \u_iface.reg_x_new, rval = 16'0000000000000000).
Adding EN signal on $auto$ff.cc:266:slice$499 ($sdff) from module top (D = \u_iface.u_core.x_new_reg, Q = \u_iface.reg_x_new).
Adding SRST signal on $flatten\u_iface.$procdff$444 ($dff) from module top (D = $flatten\u_iface.$procmux$324_Y, Q = \u_iface.b_pending, rval = 1'0).
Adding EN signal on $auto$ff.cc:266:slice$501 ($sdff) from module top (D = 1'1, Q = \u_iface.b_pending).
Adding SRST signal on $flatten\u_iface.$procdff$443 ($dff) from module top (D = $flatten\u_iface.$procmux$331_Y, Q = \u_iface.w_q_valid, rval = 1'0).
Adding EN signal on $auto$ff.cc:266:slice$505 ($sdff) from module top (D = 1'1, Q = \u_iface.w_q_valid).
Adding SRST signal on $flatten\u_iface.$procdff$442 ($dff) from module top (D = $flatten\u_iface.$procmux$338_Y, Q = \u_iface.wdata_q, rval = 0).
Adding EN signal on $auto$ff.cc:266:slice$509 ($sdff) from module top (D = \s_axil_wdata, Q = \u_iface.wdata_q).
Adding SRST signal on $flatten\u_iface.$procdff$441 ($dff) from module top (D = $flatten\u_iface.$procmux$343_Y, Q = \u_iface.aw_q_valid, rval = 1'0).
Adding EN signal on $auto$ff.cc:266:slice$511 ($sdff) from module top (D = 1'1, Q = \u_iface.aw_q_valid).
Adding SRST signal on $flatten\u_iface.$procdff$440 ($dff) from module top (D = $flatten\u_iface.$procmux$350_Y, Q = \u_iface.awaddr_q, rval = 8'00000000).
Adding EN signal on $auto$ff.cc:266:slice$515 ($sdff) from module top (D = \s_axil_awaddr, Q = \u_iface.awaddr_q).
Adding SRST signal on $flatten\u_iface.$procdff$439 ($dff) from module top (D = $flatten\u_iface.$procmux$315_Y, Q = \u_iface.start_pulse, rval = 1'0).
Adding SRST signal on $flatten\u_iface.$procdff$438 ($dff) from module top (D = $flatten\u_iface.$procmux$358_Y, Q = \u_iface.reg_x_prev, rval = 16'0000000000000000).
Adding EN signal on $auto$ff.cc:266:slice$524 ($sdff) from module top (D = \u_iface.write_data [15:0], Q = \u_iface.reg_x_prev).
Adding SRST signal on $flatten\u_iface.$procdff$437 ($dff) from module top (D = $flatten\u_iface.$procmux$367_Y, Q = \u_iface.reg_win_u, rval = 0).
Adding EN signal on $auto$ff.cc:266:slice$528 ($sdff) from module top (D = \u_iface.write_data, Q = \u_iface.reg_win_u).
Adding SRST signal on $flatten\u_iface.$procdff$436 ($dff) from module top (D = $flatten\u_iface.$procmux$377_Y, Q = \u_iface.reg_leak_rate, rval = 16'0000000000000000).
Adding EN signal on $auto$ff.cc:266:slice$532 ($sdff) from module top (D = \u_iface.write_data [15:0], Q = \u_iface.reg_leak_rate).
Adding SRST signal on $flatten\u_iface.$procdff$435 ($dff) from module top (D = $flatten\u_iface.$procmux$388_Y, Q = \u_iface.reg_n_minus_1, rval = 16'0000000000000000).
Adding EN signal on $auto$ff.cc:266:slice$536 ($sdff) from module top (D = \u_iface.write_data [15:0], Q = \u_iface.reg_n_minus_1).
Adding SRST signal on $flatten\u_iface.$procdff$434 ($dff) from module top (D = $flatten\u_iface.$procmux$393_Y, Q = \u_iface.s_axil_bvalid, rval = 1'0).
Adding EN signal on $auto$ff.cc:266:slice$540 ($sdff) from module top (D = 1'1, Q = \u_iface.s_axil_bvalid).
Adding SRST signal on $flatten\u_iface.$procdff$433 ($dff) from module top (D = $flatten\u_iface.$procmux$400_Y, Q = \u_iface.s_axil_bresp, rval = 2'00).
Adding EN signal on $auto$ff.cc:266:slice$544 ($sdff) from module top (D = 2'00, Q = \u_iface.s_axil_bresp).
Adding SRST signal on $flatten\u_iface.$procdff$432 ($dff) from module top (D = $flatten\u_iface.$procmux$282_Y, Q = \u_iface.r_pending, rval = 1'0).
Adding EN signal on $auto$ff.cc:266:slice$546 ($sdff) from module top (D = 1'1, Q = \u_iface.r_pending).
Adding SRST signal on $flatten\u_iface.$procdff$431 ($dff) from module top (D = $flatten\u_iface.$procmux$289_Y, Q = \u_iface.s_axil_rvalid, rval = 1'0).
Adding EN signal on $auto$ff.cc:266:slice$550 ($sdff) from module top (D = 1'1, Q = \u_iface.s_axil_rvalid).
Adding SRST signal on $flatten\u_iface.$procdff$430 ($dff) from module top (D = $flatten\u_iface.$procmux$296_Y, Q = \u_iface.s_axil_rresp, rval = 2'00).
Adding EN signal on $auto$ff.cc:266:slice$554 ($sdff) from module top (D = 2'00, Q = \u_iface.s_axil_rresp).
Adding SRST signal on $flatten\u_iface.$procdff$429 ($dff) from module top (D = $flatten\u_iface.$procmux$305_Y, Q = \u_iface.s_axil_rdata, rval = 0).
Adding EN signal on $auto$ff.cc:266:slice$556 ($sdff) from module top (D = $flatten\u_iface.$procmux$302_Y, Q = \u_iface.s_axil_rdata).
Setting constant 0-bit at position 0 on $auto$ff.cc:266:slice$555 ($sdffe) from module top.
Setting constant 0-bit at position 1 on $auto$ff.cc:266:slice$555 ($sdffe) from module top.
Setting constant 0-bit at position 0 on $auto$ff.cc:266:slice$545 ($sdffe) from module top.
Setting constant 0-bit at position 1 on $auto$ff.cc:266:slice$545 ($sdffe) from module top.

8.9.7. Executing OPT_CLEAN pass (remove unused cells and wires).
Finding unused cells or wires in module \top..
Removed 68 unused cells and 68 unused wires.
<suppressed ~69 debug messages>

8.9.8. Executing OPT_EXPR pass (perform const folding).
Optimizing module top.
<suppressed ~2 debug messages>

8.9.9. Rerunning OPT passes. (Maybe there is more to do..)

8.9.10. Executing OPT_MUXTREE pass (detect dead branches in mux trees).
Running muxtree optimizer on module \top..
  Creating internal representation of mux trees.
  Evaluating internal representation of mux trees.
  Analyzing evaluation results.
Removed 0 multiplexer ports.
<suppressed ~10 debug messages>

8.9.11. Executing OPT_REDUCE pass (consolidate $*mux and $reduce_* inputs).
  Optimizing cells in module \top.
Performed a total of 0 changes.

8.9.12. Executing OPT_MERGE pass (detect identical cells).
Finding identical cells in module `\top'.
<suppressed ~27 debug messages>
Removed a total of 9 cells.

8.9.13. Executing OPT_DFF pass (perform DFF optimizations).

8.9.14. Executing OPT_CLEAN pass (remove unused cells and wires).
Finding unused cells or wires in module \top..
Removed 0 unused cells and 7 unused wires.
<suppressed ~1 debug messages>

8.9.15. Executing OPT_EXPR pass (perform const folding).
Optimizing module top.

8.9.16. Rerunning OPT passes. (Maybe there is more to do..)

8.9.17. Executing OPT_MUXTREE pass (detect dead branches in mux trees).
Running muxtree optimizer on module \top..
  Creating internal representation of mux trees.
  Evaluating internal representation of mux trees.
  Analyzing evaluation results.
Removed 0 multiplexer ports.
<suppressed ~10 debug messages>

8.9.18. Executing OPT_REDUCE pass (consolidate $*mux and $reduce_* inputs).
  Optimizing cells in module \top.
Performed a total of 0 changes.

8.9.19. Executing OPT_MERGE pass (detect identical cells).
Finding identical cells in module `\top'.
Removed a total of 0 cells.

8.9.20. Executing OPT_DFF pass (perform DFF optimizations).

8.9.21. Executing OPT_CLEAN pass (remove unused cells and wires).
Finding unused cells or wires in module \top..

8.9.22. Executing OPT_EXPR pass (perform const folding).
Optimizing module top.

8.9.23. Finished OPT passes. (There is nothing left to do.)

8.10. Executing WREDUCE pass (reducing word size of cells).
Removed top 1 bits (of 2) from port B of cell top.$auto$opt_dff.cc:195:make_patterns_logic$466 ($ne).
Removed top 2 bits (of 3) from port B of cell top.$flatten\u_iface.\u_core.$eq$../../m2/rtl/compute_core.sv:132$32 ($eq).
Removed top 1 bits (of 3) from port B of cell top.$flatten\u_iface.\u_core.$eq$../../m2/rtl/compute_core.sv:153$34 ($eq).
Removed top 15 bits (of 16) from port B of cell top.$flatten\u_iface.\u_core.$add$../../m2/rtl/compute_core.sv:280$48 ($add).
Converting cell top.$flatten\u_iface.\u_core.\u_tanh.$add$../../m2/rtl/q15_tanh.sv:153$67 ($add) from unsigned to signed.
Removed top 1 bits (of 16) from port A of cell top.$flatten\u_iface.\u_core.\u_tanh.$add$../../m2/rtl/q15_tanh.sv:153$67 ($add).
Removed top 1 bits (of 16) from port B of cell top.$flatten\u_iface.\u_core.\u_tanh.$add$../../m2/rtl/q15_tanh.sv:153$67 ($add).
Removed top 3 bits (of 16) from port B of cell top.$flatten\u_iface.\u_core.\u_tanh.$add$../../m2/rtl/q15_tanh.sv:149$65 ($add).
Removed top 1 bits (of 32) from port B of cell top.$flatten\u_iface.\u_core.\u_tanh.$gt$../../m2/rtl/q15_tanh.sv:147$64 ($gt).
Removed top 2 bits (of 32) from port B of cell top.$flatten\u_iface.\u_core.\u_tanh.$gt$../../m2/rtl/q15_tanh.sv:143$63 ($gt).
Removed top 3 bits (of 16) from port B of cell top.$flatten\u_iface.\u_core.\u_tanh.$add$../../m2/rtl/q15_tanh.sv:141$62 ($add).
Removed top 1 bits (of 32) from port B of cell top.$flatten\u_iface.\u_core.\u_tanh.$ge$../../m2/rtl/q15_tanh.sv:139$61 ($ge).
Removed top 1 bits (of 16) from port A of cell top.$flatten\u_iface.\u_core.\u_tanh.$add$../../m2/rtl/q15_tanh.sv:137$60 ($add).
Removed top 2 bits (of 16) from port B of cell top.$flatten\u_iface.\u_core.\u_tanh.$add$../../m2/rtl/q15_tanh.sv:125$56 ($add).
Removed top 15 bits (of 32) from port A of cell top.$flatten\u_iface.\u_core.\u_blend.$lt$../../m2/rtl/q15_blend.sv:117$75 ($lt).
Removed top 16 bits (of 32) from port B of cell top.$flatten\u_iface.\u_core.\u_blend.$lt$../../m2/rtl/q15_blend.sv:117$75 ($lt).
Removed top 15 bits (of 32) from port A of cell top.$flatten\u_iface.\u_core.\u_blend.$gt$../../m2/rtl/q15_blend.sv:115$74 ($gt).
Removed top 16 bits (of 32) from port B of cell top.$flatten\u_iface.\u_core.\u_blend.$gt$../../m2/rtl/q15_blend.sv:115$74 ($gt).
Removed top 4 bits (of 8) from port B of cell top.$flatten\u_iface.$procmux$387_CMP0 ($eq).
Removed top 4 bits (of 8) from port B of cell top.$flatten\u_iface.$procmux$376_CMP0 ($eq).
Removed top 3 bits (of 8) from port B of cell top.$flatten\u_iface.$procmux$366_CMP0 ($eq).
Removed top 3 bits (of 8) from port B of cell top.$flatten\u_iface.$procmux$357_CMP0 ($eq).
Removed top 5 bits (of 8) from port B of cell top.$flatten\u_iface.$procmux$304_CMP0 ($eq).
Removed top 3 bits (of 8) from port B of cell top.$flatten\u_iface.$procmux$303_CMP0 ($eq).
Removed top 1 bits (of 3) from port B of cell top.$flatten\u_iface.\u_core.$eq$../../m2/rtl/compute_core.sv:130$29 ($eq).

8.11. Executing PEEPOPT pass (run peephole optimizers).

8.12. Executing OPT_CLEAN pass (remove unused cells and wires).
Finding unused cells or wires in module \top..

8.13. Executing ALUMACC pass (create $alu and $macc cells).
Extracting $alu and $macc cells in module top:
  creating $macc model for $flatten\u_iface.\u_core.$add$../../m2/rtl/compute_core.sv:154$35 ($add).
  creating $macc model for $flatten\u_iface.\u_core.$add$../../m2/rtl/compute_core.sv:280$48 ($add).
  creating $macc model for $flatten\u_iface.\u_core.\u_blend.$add$../../m2/rtl/q15_blend.sv:107$71 ($add).
  creating $macc model for $flatten\u_iface.\u_core.\u_blend.$mul$../../m2/rtl/q15_blend.sv:96$69 ($mul).
  creating $macc model for $flatten\u_iface.\u_core.\u_blend.$mul$../../m2/rtl/q15_blend.sv:97$70 ($mul).
  creating $macc model for $flatten\u_iface.\u_core.\u_blend.$sub$../../m2/rtl/q15_blend.sv:88$68 ($sub).
  creating $macc model for $flatten\u_iface.\u_core.\u_mac.$add$../../m2/rtl/q15_mac.sv:96$51 ($add).
  creating $macc model for $flatten\u_iface.\u_core.\u_mac.$mul$../../m2/rtl/q15_mac.sv:77$49 ($mul).
  creating $macc model for $flatten\u_iface.\u_core.\u_tanh.$add$../../m2/rtl/q15_tanh.sv:125$56 ($add).
  creating $macc model for $flatten\u_iface.\u_core.\u_tanh.$add$../../m2/rtl/q15_tanh.sv:137$60 ($add).
  creating $macc model for $flatten\u_iface.\u_core.\u_tanh.$add$../../m2/rtl/q15_tanh.sv:141$62 ($add).
  creating $macc model for $flatten\u_iface.\u_core.\u_tanh.$add$../../m2/rtl/q15_tanh.sv:149$65 ($add).
  creating $macc model for $flatten\u_iface.\u_core.\u_tanh.$add$../../m2/rtl/q15_tanh.sv:153$67 ($add).
  merging $macc model for $flatten\u_iface.\u_core.\u_mac.$mul$../../m2/rtl/q15_mac.sv:77$49 into $flatten\u_iface.\u_core.\u_mac.$add$../../m2/rtl/q15_mac.sv:96$51.
  merging $macc model for $flatten\u_iface.\u_core.\u_blend.$mul$../../m2/rtl/q15_blend.sv:96$69 into $flatten\u_iface.\u_core.\u_blend.$add$../../m2/rtl/q15_blend.sv:107$71.
  merging $macc model for $flatten\u_iface.\u_core.\u_blend.$mul$../../m2/rtl/q15_blend.sv:97$70 into $flatten\u_iface.\u_core.\u_blend.$add$../../m2/rtl/q15_blend.sv:107$71.
  creating $alu model for $macc $flatten\u_iface.\u_core.\u_tanh.$add$../../m2/rtl/q15_tanh.sv:137$60.
  creating $alu model for $macc $flatten\u_iface.\u_core.\u_tanh.$add$../../m2/rtl/q15_tanh.sv:125$56.
  creating $alu model for $macc $flatten\u_iface.\u_core.\u_tanh.$add$../../m2/rtl/q15_tanh.sv:141$62.
  creating $alu model for $macc $flatten\u_iface.\u_core.\u_blend.$sub$../../m2/rtl/q15_blend.sv:88$68.
  creating $alu model for $macc $flatten\u_iface.\u_core.\u_tanh.$add$../../m2/rtl/q15_tanh.sv:153$67.
  creating $alu model for $macc $flatten\u_iface.\u_core.\u_tanh.$add$../../m2/rtl/q15_tanh.sv:149$65.
  creating $alu model for $macc $flatten\u_iface.\u_core.$add$../../m2/rtl/compute_core.sv:280$48.
  creating $alu model for $macc $flatten\u_iface.\u_core.$add$../../m2/rtl/compute_core.sv:154$35.
  creating $macc cell for $flatten\u_iface.\u_core.\u_mac.$add$../../m2/rtl/q15_mac.sv:96$51: $auto$alumacc.cc:365:replace_macc$558
  creating $macc cell for $flatten\u_iface.\u_core.\u_blend.$add$../../m2/rtl/q15_blend.sv:107$71: $auto$alumacc.cc:365:replace_macc$559
  creating $alu model for $flatten\u_iface.\u_core.\u_blend.$gt$../../m2/rtl/q15_blend.sv:115$74 ($gt): new $alu
  creating $alu model for $flatten\u_iface.\u_core.\u_blend.$lt$../../m2/rtl/q15_blend.sv:117$75 ($lt): new $alu
  creating $alu model for $flatten\u_iface.\u_core.\u_tanh.$ge$../../m2/rtl/q15_tanh.sv:131$58 ($ge): new $alu
  creating $alu model for $flatten\u_iface.\u_core.\u_tanh.$ge$../../m2/rtl/q15_tanh.sv:135$59 ($ge): new $alu
  creating $alu model for $flatten\u_iface.\u_core.\u_tanh.$ge$../../m2/rtl/q15_tanh.sv:139$61 ($ge): new $alu
  creating $alu model for $flatten\u_iface.\u_core.\u_tanh.$gt$../../m2/rtl/q15_tanh.sv:143$63 ($gt): new $alu
  creating $alu model for $flatten\u_iface.\u_core.\u_tanh.$gt$../../m2/rtl/q15_tanh.sv:147$64 ($gt): new $alu
  creating $alu model for $flatten\u_iface.\u_core.\u_tanh.$gt$../../m2/rtl/q15_tanh.sv:151$66 ($gt): new $alu
  creating $alu cell for $flatten\u_iface.\u_core.\u_tanh.$gt$../../m2/rtl/q15_tanh.sv:151$66: $auto$alumacc.cc:495:replace_alu$568
  creating $alu cell for $flatten\u_iface.\u_core.\u_tanh.$gt$../../m2/rtl/q15_tanh.sv:147$64: $auto$alumacc.cc:495:replace_alu$581
  creating $alu cell for $flatten\u_iface.\u_core.\u_tanh.$gt$../../m2/rtl/q15_tanh.sv:143$63: $auto$alumacc.cc:495:replace_alu$594
  creating $alu cell for $flatten\u_iface.\u_core.\u_tanh.$ge$../../m2/rtl/q15_tanh.sv:139$61: $auto$alumacc.cc:495:replace_alu$607
  creating $alu cell for $flatten\u_iface.\u_core.\u_tanh.$ge$../../m2/rtl/q15_tanh.sv:135$59: $auto$alumacc.cc:495:replace_alu$622
  creating $alu cell for $flatten\u_iface.\u_core.\u_tanh.$ge$../../m2/rtl/q15_tanh.sv:131$58: $auto$alumacc.cc:495:replace_alu$637
  creating $alu cell for $flatten\u_iface.\u_core.\u_blend.$lt$../../m2/rtl/q15_blend.sv:117$75: $auto$alumacc.cc:495:replace_alu$652
  creating $alu cell for $flatten\u_iface.\u_core.\u_blend.$gt$../../m2/rtl/q15_blend.sv:115$74: $auto$alumacc.cc:495:replace_alu$659
  creating $alu cell for $flatten\u_iface.\u_core.$add$../../m2/rtl/compute_core.sv:154$35: $auto$alumacc.cc:495:replace_alu$672
  creating $alu cell for $flatten\u_iface.\u_core.$add$../../m2/rtl/compute_core.sv:280$48: $auto$alumacc.cc:495:replace_alu$675
  creating $alu cell for $flatten\u_iface.\u_core.\u_tanh.$add$../../m2/rtl/q15_tanh.sv:149$65: $auto$alumacc.cc:495:replace_alu$678
  creating $alu cell for $flatten\u_iface.\u_core.\u_tanh.$add$../../m2/rtl/q15_tanh.sv:153$67: $auto$alumacc.cc:495:replace_alu$681
  creating $alu cell for $flatten\u_iface.\u_core.\u_blend.$sub$../../m2/rtl/q15_blend.sv:88$68: $auto$alumacc.cc:495:replace_alu$684
  creating $alu cell for $flatten\u_iface.\u_core.\u_tanh.$add$../../m2/rtl/q15_tanh.sv:141$62: $auto$alumacc.cc:495:replace_alu$687
  creating $alu cell for $flatten\u_iface.\u_core.\u_tanh.$add$../../m2/rtl/q15_tanh.sv:125$56: $auto$alumacc.cc:495:replace_alu$690
  creating $alu cell for $flatten\u_iface.\u_core.\u_tanh.$add$../../m2/rtl/q15_tanh.sv:137$60: $auto$alumacc.cc:495:replace_alu$693
  created 16 $alu and 2 $macc cells.

8.14. Executing SHARE pass (SAT-based resource sharing).
Found 3 cells in module top that may be considered for resource sharing.
  Analyzing resource sharing options for $flatten\u_iface.\u_core.\u_mac.$mul$../../m2/rtl/q15_mac.sv:77$49 ($mul):
    Found cell that is never activated: $flatten\u_iface.\u_core.\u_mac.$mul$../../m2/rtl/q15_mac.sv:77$49
    Cell is never active. Sharing is pointless, we simply remove it.
  Analyzing resource sharing options for $flatten\u_iface.\u_core.\u_blend.$mul$../../m2/rtl/q15_blend.sv:97$70 ($mul):
    Found cell that is never activated: $flatten\u_iface.\u_core.\u_blend.$mul$../../m2/rtl/q15_blend.sv:97$70
    Cell is never active. Sharing is pointless, we simply remove it.
  Analyzing resource sharing options for $flatten\u_iface.\u_core.\u_blend.$mul$../../m2/rtl/q15_blend.sv:96$69 ($mul):
    Found cell that is never activated: $flatten\u_iface.\u_core.\u_blend.$mul$../../m2/rtl/q15_blend.sv:96$69
    Cell is never active. Sharing is pointless, we simply remove it.
Removing 3 cells in module top:
  Removing cell $flatten\u_iface.\u_core.\u_blend.$mul$../../m2/rtl/q15_blend.sv:96$69 ($mul).
  Removing cell $flatten\u_iface.\u_core.\u_blend.$mul$../../m2/rtl/q15_blend.sv:97$70 ($mul).
  Removing cell $flatten\u_iface.\u_core.\u_mac.$mul$../../m2/rtl/q15_mac.sv:77$49 ($mul).

8.15. Executing OPT pass (performing simple optimizations).

8.15.1. Executing OPT_EXPR pass (perform const folding).
Optimizing module top.
<suppressed ~4 debug messages>

8.15.2. Executing OPT_MERGE pass (detect identical cells).
Finding identical cells in module `\top'.
Removed a total of 0 cells.

8.15.3. Executing OPT_MUXTREE pass (detect dead branches in mux trees).
Running muxtree optimizer on module \top..
  Creating internal representation of mux trees.
  Evaluating internal representation of mux trees.
  Analyzing evaluation results.
Removed 0 multiplexer ports.
<suppressed ~10 debug messages>

8.15.4. Executing OPT_REDUCE pass (consolidate $*mux and $reduce_* inputs).
  Optimizing cells in module \top.
Performed a total of 0 changes.

8.15.5. Executing OPT_MERGE pass (detect identical cells).
Finding identical cells in module `\top'.
Removed a total of 0 cells.

8.15.6. Executing OPT_DFF pass (perform DFF optimizations).

8.15.7. Executing OPT_CLEAN pass (remove unused cells and wires).
Finding unused cells or wires in module \top..
Removed 4 unused cells and 12 unused wires.
<suppressed ~5 debug messages>

8.15.8. Executing OPT_EXPR pass (perform const folding).
Optimizing module top.

8.15.9. Rerunning OPT passes. (Maybe there is more to do..)

8.15.10. Executing OPT_MUXTREE pass (detect dead branches in mux trees).
Running muxtree optimizer on module \top..
  Creating internal representation of mux trees.
  Evaluating internal representation of mux trees.
  Analyzing evaluation results.
Removed 0 multiplexer ports.
<suppressed ~10 debug messages>

8.15.11. Executing OPT_REDUCE pass (consolidate $*mux and $reduce_* inputs).
  Optimizing cells in module \top.
Performed a total of 0 changes.

8.15.12. Executing OPT_MERGE pass (detect identical cells).
Finding identical cells in module `\top'.
Removed a total of 0 cells.

8.15.13. Executing OPT_DFF pass (perform DFF optimizations).

8.15.14. Executing OPT_CLEAN pass (remove unused cells and wires).
Finding unused cells or wires in module \top..

8.15.15. Executing OPT_EXPR pass (perform const folding).
Optimizing module top.

8.15.16. Finished OPT passes. (There is nothing left to do.)

8.16. Executing MEMORY pass.

8.16.1. Executing OPT_MEM pass (optimize memories).
Performed a total of 0 transformations.

8.16.2. Executing OPT_MEM_PRIORITY pass (removing unnecessary memory write priority relations).
Performed a total of 0 transformations.

8.16.3. Executing OPT_MEM_FEEDBACK pass (finding memory read-to-write feedback paths).

8.16.4. Executing MEMORY_BMUX2ROM pass (converting muxes to ROMs).

8.16.5. Executing MEMORY_DFF pass (merging $dff cells to $memrd).

8.16.6. Executing OPT_CLEAN pass (remove unused cells and wires).
Finding unused cells or wires in module \top..

8.16.7. Executing MEMORY_SHARE pass (consolidating $memrd/$memwr cells).

8.16.8. Executing OPT_MEM_WIDEN pass (optimize memories where all ports are wide).
Performed a total of 0 transformations.

8.16.9. Executing OPT_CLEAN pass (remove unused cells and wires).
Finding unused cells or wires in module \top..

8.16.10. Executing MEMORY_COLLECT pass (generating $mem cells).

8.17. Executing OPT_CLEAN pass (remove unused cells and wires).
Finding unused cells or wires in module \top..

8.18. Executing OPT pass (performing simple optimizations).

8.18.1. Executing OPT_EXPR pass (perform const folding).
Optimizing module top.
<suppressed ~22 debug messages>

8.18.2. Executing OPT_MERGE pass (detect identical cells).
Finding identical cells in module `\top'.
<suppressed ~354 debug messages>
Removed a total of 118 cells.

8.18.3. Executing OPT_DFF pass (perform DFF optimizations).

8.18.4. Executing OPT_CLEAN pass (remove unused cells and wires).
Finding unused cells or wires in module \top..
Removed 15 unused cells and 188 unused wires.
<suppressed ~16 debug messages>

8.18.5. Finished fast OPT passes.

8.19. Executing MEMORY_MAP pass (converting memories to logic and flip-flops).

8.20. Executing OPT pass (performing simple optimizations).

8.20.1. Executing OPT_EXPR pass (perform const folding).
Optimizing module top.

8.20.2. Executing OPT_MERGE pass (detect identical cells).
Finding identical cells in module `\top'.
Removed a total of 0 cells.

8.20.3. Executing OPT_MUXTREE pass (detect dead branches in mux trees).
Running muxtree optimizer on module \top..
  Creating internal representation of mux trees.
  Evaluating internal representation of mux trees.
  Analyzing evaluation results.
Removed 0 multiplexer ports.
<suppressed ~7 debug messages>

8.20.4. Executing OPT_REDUCE pass (consolidate $*mux and $reduce_* inputs).
  Optimizing cells in module \top.
    Consolidated identical input bits for $pmux cell $flatten\u_iface.$procmux$302:
      Old ports: A=0, B={ 30'000000000000000000000000000000 \u_iface.sticky_done \u_iface.core_busy \u_iface.reg_x_new [15] \u_iface.reg_x_new [15] \u_iface.reg_x_new [15] \u_iface.reg_x_new [15] \u_iface.reg_x_new [15] \u_iface.reg_x_new [15] \u_iface.reg_x_new [15] \u_iface.reg_x_new [15] \u_iface.reg_x_new [15] \u_iface.reg_x_new [15] \u_iface.reg_x_new [15] \u_iface.reg_x_new [15] \u_iface.reg_x_new [15] \u_iface.reg_x_new [15] \u_iface.reg_x_new [15] \u_iface.reg_x_new [15] \u_iface.reg_x_new }, Y=$flatten\u_iface.$procmux$302_Y
      New ports: A=16'0000000000000000, B={ 14'00000000000000 \u_iface.sticky_done \u_iface.core_busy \u_iface.reg_x_new }, Y=$flatten\u_iface.$procmux$302_Y [15:0]
      New connections: $flatten\u_iface.$procmux$302_Y [31:16] = { $flatten\u_iface.$procmux$302_Y [15] $flatten\u_iface.$procmux$302_Y [15] $flatten\u_iface.$procmux$302_Y [15] $flatten\u_iface.$procmux$302_Y [15] $flatten\u_iface.$procmux$302_Y [15] $flatten\u_iface.$procmux$302_Y [15] $flatten\u_iface.$procmux$302_Y [15] $flatten\u_iface.$procmux$302_Y [15] $flatten\u_iface.$procmux$302_Y [15] $flatten\u_iface.$procmux$302_Y [15] $flatten\u_iface.$procmux$302_Y [15] $flatten\u_iface.$procmux$302_Y [15] $flatten\u_iface.$procmux$302_Y [15] $flatten\u_iface.$procmux$302_Y [15] $flatten\u_iface.$procmux$302_Y [15] $flatten\u_iface.$procmux$302_Y [15] }
  Optimizing cells in module \top.
Performed a total of 1 changes.

8.20.5. Executing OPT_MERGE pass (detect identical cells).
Finding identical cells in module `\top'.
Removed a total of 0 cells.

8.20.6. Executing OPT_SHARE pass.

8.20.7. Executing OPT_DFF pass (perform DFF optimizations).

8.20.8. Executing OPT_CLEAN pass (remove unused cells and wires).
Finding unused cells or wires in module \top..

8.20.9. Executing OPT_EXPR pass (perform const folding).
Optimizing module top.

8.20.10. Rerunning OPT passes. (Maybe there is more to do..)

8.20.11. Executing OPT_MUXTREE pass (detect dead branches in mux trees).
Running muxtree optimizer on module \top..
  Creating internal representation of mux trees.
  Evaluating internal representation of mux trees.
  Analyzing evaluation results.
Removed 0 multiplexer ports.
<suppressed ~7 debug messages>

8.20.12. Executing OPT_REDUCE pass (consolidate $*mux and $reduce_* inputs).
  Optimizing cells in module \top.
Performed a total of 0 changes.

8.20.13. Executing OPT_MERGE pass (detect identical cells).
Finding identical cells in module `\top'.
Removed a total of 0 cells.

8.20.14. Executing OPT_SHARE pass.

8.20.15. Executing OPT_DFF pass (perform DFF optimizations).

8.20.16. Executing OPT_CLEAN pass (remove unused cells and wires).
Finding unused cells or wires in module \top..

8.20.17. Executing OPT_EXPR pass (perform const folding).
Optimizing module top.

8.20.18. Finished OPT passes. (There is nothing left to do.)

8.21. Executing TECHMAP pass (map to technology primitives).

8.21.1. Executing Verilog-2005 frontend: /usr/bin/../share/yosys/techmap.v
Parsing Verilog input from `/usr/bin/../share/yosys/techmap.v' to AST representation.
Generating RTLIL representation for module `\_90_simplemap_bool_ops'.
Generating RTLIL representation for module `\_90_simplemap_reduce_ops'.
Generating RTLIL representation for module `\_90_simplemap_logic_ops'.
Generating RTLIL representation for module `\_90_simplemap_compare_ops'.
Generating RTLIL representation for module `\_90_simplemap_various'.
Generating RTLIL representation for module `\_90_simplemap_registers'.
Generating RTLIL representation for module `\_90_shift_ops_shr_shl_sshl_sshr'.
Generating RTLIL representation for module `\_90_shift_shiftx'.
Generating RTLIL representation for module `\_90_fa'.
Generating RTLIL representation for module `\_90_lcu_brent_kung'.
Generating RTLIL representation for module `\_90_alu'.
Generating RTLIL representation for module `\_90_macc'.
Generating RTLIL representation for module `\_90_alumacc'.
Generating RTLIL representation for module `\$__div_mod_u'.
Generating RTLIL representation for module `\$__div_mod_trunc'.
Generating RTLIL representation for module `\_90_div'.
Generating RTLIL representation for module `\_90_mod'.
Generating RTLIL representation for module `\$__div_mod_floor'.
Generating RTLIL representation for module `\_90_divfloor'.
Generating RTLIL representation for module `\_90_modfloor'.
Generating RTLIL representation for module `\_90_pow'.
Generating RTLIL representation for module `\_90_pmux'.
Generating RTLIL representation for module `\_90_demux'.
Generating RTLIL representation for module `\_90_lut'.
Successfully finished Verilog frontend.

8.21.2. Continuing TECHMAP pass.
Using extmapper simplemap for cells of type $not.
Using extmapper simplemap for cells of type $ne.
Using extmapper simplemap for cells of type $xor.
Using extmapper simplemap for cells of type $or.
Using extmapper simplemap for cells of type $reduce_and.
Using extmapper simplemap for cells of type $reduce_or.
Using extmapper simplemap for cells of type $reduce_bool.
Using extmapper maccmap for cells of type $macc_v2.
  add \s_axis_tdata [15:0] * \s_axis_tdata [31:16] (16x16 bits, signed)
  add \u_iface.u_core.u_mac.acc (32 bits, signed)
Using extmapper simplemap for cells of type $sdff.
Using extmapper simplemap for cells of type $logic_and.
Using extmapper simplemap for cells of type $eq.
Using template $paramod$2af30114e9bd4ccb04dad757b3f0a8f6bf0615b0\_90_alu for cells of type $alu.
Using template $paramod$0bf04506aae5af81fd59b23c0850afdf0e51a7c4\_90_alu for cells of type $alu.
Using template $paramod$15f3a93b9e62ddae997695e652df4c9823984c4a\_90_alu for cells of type $alu.
Using extmapper simplemap for cells of type $logic_not.
Using extmapper simplemap for cells of type $mux.
Using template $paramod$56f7ce6d87f8add68ca646dc02d7695a3189f8e5\_90_pmux for cells of type $pmux.
Using extmapper simplemap for cells of type $sdffe.
  add \u_iface.u_core.u_blend.one_minus_a * \u_iface.u_core.x_prev_self_reg (16x16 bits, signed)
  add \u_iface.u_core.leak_rate_reg * \u_iface.u_core.u_blend.tanh_out (16x16 bits, signed)
Using template $paramod$b52b1c34c6942a4262a8b287ee6ae3a092dfc180\_90_alu for cells of type $alu.
Using template $paramod$c262a9eba992bd375aee69244ae82bb2c8f55fe5\_90_alu for cells of type $alu.
Using template $paramod$0b0cde3dd6fc83a3fc5535dbeb0d4e3a480de834\_90_alu for cells of type $alu.
Using template $paramod$af987c41eb15cea3e227fb6b88cf36e74f01ad31\_90_alu for cells of type $alu.
Using template $paramod$acf5ee781c77b898d3bdc54c59bb9c663376a7a9\_90_alu for cells of type $alu.
Using template $paramod$418b96f4892c9e1a6a74526184651c8ae040d0c0\_90_alu for cells of type $alu.
Using template $paramod$2653f68ddb8eab7b1907b4a20767b72a824a7a36\_90_alu for cells of type $alu.
Using template $paramod$0cf90cc92a8a726f7480da3c1dd521ff92701be4\_90_alu for cells of type $alu.
Using template $paramod$cff66329c78f14c05756fa469890bd1a4784ffc2\_90_alu for cells of type $alu.
Using template $paramod$0d149ffe75563ef6fcc1a3dddc59d00af28651a7\_90_pmux for cells of type $pmux.
Using extmapper simplemap for cells of type $logic_or.
Using extmapper simplemap for cells of type $pos.
Using template $paramod\_90_lcu_brent_kung\WIDTH=32'00000000000000000000000000010000 for cells of type $lcu.
Using extmapper simplemap for cells of type $and.
Using template $paramod\_90_fa\WIDTH=32'00000000000000000000000000100000 for cells of type $fa.
Using template $paramod\_90_lcu_brent_kung\WIDTH=32'00000000000000000000000000000001 for cells of type $lcu.
Using template $paramod\_90_lcu_brent_kung\WIDTH=32'00000000000000000000000000000010 for cells of type $lcu.
Using template $paramod\_90_lcu_brent_kung\WIDTH=32'00000000000000000000000000000011 for cells of type $lcu.
Using template $paramod\_90_fa\WIDTH=32'00000000000000000000000000011111 for cells of type $fa.
Using template $paramod$fbc7873bff55778c0b3173955b7e4bce1d9d6834\_90_alu for cells of type $alu.
Using template $paramod\_90_lcu_brent_kung\WIDTH=32'00000000000000000000000000000110 for cells of type $lcu.
Using template $paramod\_90_lcu_brent_kung\WIDTH=32'00000000000000000000000000100000 for cells of type $lcu.
Using template $paramod\_90_lcu_brent_kung\WIDTH=32'00000000000000000000000000010001 for cells of type $lcu.
No more expansions possible.
<suppressed ~2729 debug messages>

8.22. Executing OPT pass (performing simple optimizations).

8.22.1. Executing OPT_EXPR pass (perform const folding).
Optimizing module top.
<suppressed ~3386 debug messages>

8.22.2. Executing OPT_MERGE pass (detect identical cells).
Finding identical cells in module `\top'.
<suppressed ~4530 debug messages>
Removed a total of 1510 cells.

8.22.3. Executing OPT_DFF pass (perform DFF optimizations).

8.22.4. Executing OPT_CLEAN pass (remove unused cells and wires).
Finding unused cells or wires in module \top..
Removed 332 unused cells and 1438 unused wires.
<suppressed ~333 debug messages>

8.22.5. Finished fast OPT passes.

8.23. Executing ABC pass (technology mapping using ABC).

8.23.1. Extracting gate netlist of module `\top' to `<abc-temp-dir>/input.blif'..
Extracted 6837 gates and 7152 wires to a netlist network with 313 inputs and 172 outputs.

8.23.1.1. Executing ABC.
Running ABC command: "<yosys-exe-dir>/yosys-abc" -s -f <abc-temp-dir>/abc.script 2>&1
ABC: ABC command line: "source <abc-temp-dir>/abc.script".
ABC: 
ABC: + read_blif <abc-temp-dir>/input.blif 
ABC: + read_library <abc-temp-dir>/stdcells.genlib 
ABC: + strash 
ABC: + dretime 
ABC: + map 
ABC: + write_blif <abc-temp-dir>/output.blif 

8.23.1.2. Re-integrating ABC results.
ABC RESULTS:               AND cells:      388
ABC RESULTS:            ANDNOT cells:     2191
ABC RESULTS:               MUX cells:      103
ABC RESULTS:              NAND cells:      172
ABC RESULTS:               NOR cells:      569
ABC RESULTS:               NOT cells:      188
ABC RESULTS:                OR cells:      837
ABC RESULTS:             ORNOT cells:      256
ABC RESULTS:              XNOR cells:      858
ABC RESULTS:               XOR cells:     1308
ABC RESULTS:        internal signals:     6667
ABC RESULTS:           input signals:      313
ABC RESULTS:          output signals:      172
Removing temp directory.

8.24. Executing OPT pass (performing simple optimizations).

8.24.1. Executing OPT_EXPR pass (perform const folding).
Optimizing module top.
<suppressed ~27 debug messages>

8.24.2. Executing OPT_MERGE pass (detect identical cells).
Finding identical cells in module `\top'.
<suppressed ~3 debug messages>
Removed a total of 1 cells.

8.24.3. Executing OPT_DFF pass (perform DFF optimizations).

8.24.4. Executing OPT_CLEAN pass (remove unused cells and wires).
Finding unused cells or wires in module \top..
Removed 2 unused cells and 1281 unused wires.
<suppressed ~20 debug messages>

8.24.5. Finished fast OPT passes.

8.25. Executing HIERARCHY pass (managing design hierarchy).
Attribute `top' found on module `top'. Setting top module to top.

8.25.1. Analyzing design hierarchy..
Top module:  \top

8.25.2. Analyzing design hierarchy..
Top module:  \top
Removed 0 unused modules.

8.26. Printing statistics.

=== top ===

   Number of wires:               6853
   Number of wire bits:           8220
   Number of public wires:         117
   Number of public wire bits:    1283
   Number of ports:                 23
   Number of port bits:            135
   Number of memories:               0
   Number of memory bits:            0
   Number of processes:              0
   Number of cells:               7210
     $_ANDNOT_                    2191
     $_AND_                        388
     $_MUX_                        103
     $_NAND_                       172
     $_NOR_                        569
     $_NOT_                        186
     $_ORNOT_                      255
     $_OR_                         837
     $_SDFFE_PP0N_                  32
     $_SDFFE_PP0P_                 304
     $_SDFF_PP0_                     2
     $_XNOR_                       858
     $_XOR_                       1308
     $scopeinfo                      5

8.27. Executing CHECK pass (checking for obvious problems).
Checking module top...
Found and reported 0 problems.

9. Executing DFFLIBMAP pass (mapping DFF cells to sequential cells from liberty file).
  cell sky130_fd_sc_hd__dfxtp_1 (noninv, pins=3, area=20.02) is a direct match for cell type $_DFF_P_.
  cell sky130_fd_sc_hd__dfrtn_1 (noninv, pins=4, area=25.02) is a direct match for cell type $_DFF_NN0_.
  cell sky130_fd_sc_hd__dfrtp_1 (noninv, pins=4, area=25.02) is a direct match for cell type $_DFF_PN0_.
  cell sky130_fd_sc_hd__dfstp_2 (noninv, pins=4, area=26.28) is a direct match for cell type $_DFF_PN1_.
  cell sky130_fd_sc_hd__edfxtp_1 (noninv, pins=4, area=30.03) is a direct match for cell type $_DFFE_PP_.
  cell sky130_fd_sc_hd__dfbbn_1 (noninv, pins=6, area=32.53) is a direct match for cell type $_DFFSR_NNN_.
  cell sky130_fd_sc_hd__dfbbp_1 (noninv, pins=6, area=32.53) is a direct match for cell type $_DFFSR_PNN_.
  final dff cell mappings:
    unmapped dff cell: $_DFF_N_
    \sky130_fd_sc_hd__dfxtp_1 _DFF_P_ (.CLK( C), .D( D), .Q( Q));
    \sky130_fd_sc_hd__dfrtn_1 _DFF_NN0_ (.CLK_N( C), .D( D), .Q( Q), .RESET_B( R));
    unmapped dff cell: $_DFF_NN1_
    unmapped dff cell: $_DFF_NP0_
    unmapped dff cell: $_DFF_NP1_
    \sky130_fd_sc_hd__dfrtp_1 _DFF_PN0_ (.CLK( C), .D( D), .Q( Q), .RESET_B( R));
    \sky130_fd_sc_hd__dfstp_2 _DFF_PN1_ (.CLK( C), .D( D), .Q( Q), .SET_B( R));
    unmapped dff cell: $_DFF_PP0_
    unmapped dff cell: $_DFF_PP1_
    unmapped dff cell: $_DFFE_NN_
    unmapped dff cell: $_DFFE_NP_
    unmapped dff cell: $_DFFE_PN_
    \sky130_fd_sc_hd__edfxtp_1 _DFFE_PP_ (.CLK( C), .D( D), .DE( E), .Q( Q));
    \sky130_fd_sc_hd__dfbbn_1 _DFFSR_NNN_ (.CLK_N( C), .D( D), .Q( Q), .Q_N(~Q), .RESET_B( R), .SET_B( S));
    unmapped dff cell: $_DFFSR_NNP_
    unmapped dff cell: $_DFFSR_NPN_
    unmapped dff cell: $_DFFSR_NPP_
    \sky130_fd_sc_hd__dfbbp_1 _DFFSR_PNN_ (.CLK( C), .D( D), .Q( Q), .Q_N(~Q), .RESET_B( R), .SET_B( S));
    unmapped dff cell: $_DFFSR_PNP_
    unmapped dff cell: $_DFFSR_PPN_
    unmapped dff cell: $_DFFSR_PPP_

9.1. Executing DFFLEGALIZE pass (convert FFs to types supported by the target).
<suppressed ~24 debug messages>
Mapping DFF cells in module `\top':
  mapped 338 $_DFF_P_ cells to \sky130_fd_sc_hd__dfxtp_1 cells.

10. Executing ABC pass (technology mapping using ABC).

10.1. Extracting gate netlist of module `\top' to `<abc-temp-dir>/input.blif'..
Extracted 7541 gates and 7968 wires to a netlist network with 425 inputs and 342 outputs.

10.1.1. Executing ABC.
Running ABC command: "<yosys-exe-dir>/yosys-abc" -s -f <abc-temp-dir>/abc.script 2>&1
ABC: ABC command line: "source <abc-temp-dir>/abc.script".
ABC: 
ABC: + read_blif <abc-temp-dir>/input.blif 
ABC: + read_lib -w /home/kvsri/.volare/volare/sky130/versions/0fe599b2afb6708d281543108caf8310912f54af/sky130A/libs.ref/sky130_fd_sc_hd/lib/sky130_fd_sc_hd__tt_025C_1v80.lib 
ABC: Parsing finished successfully.  Parsing time =     0.09 sec
ABC: Scl_LibertyReadGenlib() skipped cell "sky130_fd_sc_hd__decap_12" without logic function.
ABC: Scl_LibertyReadGenlib() skipped cell "sky130_fd_sc_hd__decap_3" without logic function.
ABC: Scl_LibertyReadGenlib() skipped cell "sky130_fd_sc_hd__decap_4" without logic function.
ABC: Scl_LibertyReadGenlib() skipped cell "sky130_fd_sc_hd__decap_6" without logic function.
ABC: Scl_LibertyReadGenlib() skipped cell "sky130_fd_sc_hd__decap_8" without logic function.
ABC: Scl_LibertyReadGenlib() skipped sequential cell "sky130_fd_sc_hd__dfbbn_1".
ABC: Scl_LibertyReadGenlib() skipped sequential cell "sky130_fd_sc_hd__dfbbn_2".
ABC: Scl_LibertyReadGenlib() skipped sequential cell "sky130_fd_sc_hd__dfbbp_1".
ABC: Scl_LibertyReadGenlib() skipped sequential cell "sky130_fd_sc_hd__dfrbp_1".
ABC: Scl_LibertyReadGenlib() skipped sequential cell "sky130_fd_sc_hd__dfrbp_2".
ABC: Scl_LibertyReadGenlib() skipped sequential cell "sky130_fd_sc_hd__dfrtn_1".
ABC: Scl_LibertyReadGenlib() skipped sequential cell "sky130_fd_sc_hd__dfrtp_1".
ABC: Scl_LibertyReadGenlib() skipped sequential cell "sky130_fd_sc_hd__dfrtp_2".
ABC: Scl_LibertyReadGenlib() skipped sequential cell "sky130_fd_sc_hd__dfrtp_4".
ABC: Scl_LibertyReadGenlib() skipped sequential cell "sky130_fd_sc_hd__dfsbp_1".
ABC: Scl_LibertyReadGenlib() skipped sequential cell "sky130_fd_sc_hd__dfsbp_2".
ABC: Scl_LibertyReadGenlib() skipped sequential cell "sky130_fd_sc_hd__dfstp_1".
ABC: Scl_LibertyReadGenlib() skipped sequential cell "sky130_fd_sc_hd__dfstp_2".
ABC: Scl_LibertyReadGenlib() skipped sequential cell "sky130_fd_sc_hd__dfstp_4".
ABC: Scl_LibertyReadGenlib() skipped sequential cell "sky130_fd_sc_hd__dfxbp_1".
ABC: Scl_LibertyReadGenlib() skipped sequential cell "sky130_fd_sc_hd__dfxbp_2".
ABC: Scl_LibertyReadGenlib() skipped sequential cell "sky130_fd_sc_hd__dfxtp_1".
ABC: Scl_LibertyReadGenlib() skipped sequential cell "sky130_fd_sc_hd__dfxtp_2".
ABC: Scl_LibertyReadGenlib() skipped sequential cell "sky130_fd_sc_hd__dfxtp_4".
ABC: Scl_LibertyReadGenlib() skipped cell "sky130_fd_sc_hd__diode_2" without logic function.
ABC: Scl_LibertyReadGenlib() skipped cell "sky130_fd_sc_hd__dlclkp_1" without logic function.
ABC: Scl_LibertyReadGenlib() skipped cell "sky130_fd_sc_hd__dlclkp_2" without logic function.
ABC: Scl_LibertyReadGenlib() skipped cell "sky130_fd_sc_hd__dlclkp_4" without logic function.
ABC: Scl_LibertyReadGenlib() skipped sequential cell "sky130_fd_sc_hd__dlrbn_1".
ABC: Scl_LibertyReadGenlib() skipped sequential cell "sky130_fd_sc_hd__dlrbn_2".
ABC: Scl_LibertyReadGenlib() skipped sequential cell "sky130_fd_sc_hd__dlrbp_1".
ABC: Scl_LibertyReadGenlib() skipped sequential cell "sky130_fd_sc_hd__dlrbp_2".
ABC: Scl_LibertyReadGenlib() skipped sequential cell "sky130_fd_sc_hd__dlrtn_1".
ABC: Scl_LibertyReadGenlib() skipped sequential cell "sky130_fd_sc_hd__dlrtn_2".
ABC: Scl_LibertyReadGenlib() skipped sequential cell "sky130_fd_sc_hd__dlrtn_4".
ABC: Scl_LibertyReadGenlib() skipped sequential cell "sky130_fd_sc_hd__dlrtp_1".
ABC: Scl_LibertyReadGenlib() skipped sequential cell "sky130_fd_sc_hd__dlrtp_2".
ABC: Scl_LibertyReadGenlib() skipped sequential cell "sky130_fd_sc_hd__dlrtp_4".
ABC: Scl_LibertyReadGenlib() skipped sequential cell "sky130_fd_sc_hd__dlxbn_1".
ABC: Scl_LibertyReadGenlib() skipped sequential cell "sky130_fd_sc_hd__dlxbn_2".
ABC: Scl_LibertyReadGenlib() skipped sequential cell "sky130_fd_sc_hd__dlxbp_1".
ABC: Scl_LibertyReadGenlib() skipped sequential cell "sky130_fd_sc_hd__dlxtn_1".
ABC: Scl_LibertyReadGenlib() skipped sequential cell "sky130_fd_sc_hd__dlxtn_2".
ABC: Scl_LibertyReadGenlib() skipped sequential cell "sky130_fd_sc_hd__dlxtn_4".
ABC: Scl_LibertyReadGenlib() skipped sequential cell "sky130_fd_sc_hd__dlxtp_1".
ABC: Scl_LibertyReadGenlib() skipped three-state cell "sky130_fd_sc_hd__ebufn_1".
ABC: Scl_LibertyReadGenlib() skipped three-state cell "sky130_fd_sc_hd__ebufn_2".
ABC: Scl_LibertyReadGenlib() skipped three-state cell "sky130_fd_sc_hd__ebufn_4".
ABC: Scl_LibertyReadGenlib() skipped three-state cell "sky130_fd_sc_hd__ebufn_8".
ABC: Scl_LibertyReadGenlib() skipped sequential cell "sky130_fd_sc_hd__edfxbp_1".
ABC: Scl_LibertyReadGenlib() skipped sequential cell "sky130_fd_sc_hd__edfxtp_1".
ABC: Scl_LibertyReadGenlib() skipped three-state cell "sky130_fd_sc_hd__einvn_0".
ABC: Scl_LibertyReadGenlib() skipped three-state cell "sky130_fd_sc_hd__einvn_1".
ABC: Scl_LibertyReadGenlib() skipped three-state cell "sky130_fd_sc_hd__einvn_2".
ABC: Scl_LibertyReadGenlib() skipped three-state cell "sky130_fd_sc_hd__einvn_4".
ABC: Scl_LibertyReadGenlib() skipped three-state cell "sky130_fd_sc_hd__einvn_8".
ABC: Scl_LibertyReadGenlib() skipped three-state cell "sky130_fd_sc_hd__einvp_1".
ABC: Scl_LibertyReadGenlib() skipped three-state cell "sky130_fd_sc_hd__einvp_2".
ABC: Scl_LibertyReadGenlib() skipped three-state cell "sky130_fd_sc_hd__einvp_4".
ABC: Scl_LibertyReadGenlib() skipped three-state cell "sky130_fd_sc_hd__einvp_8".
ABC: Scl_LibertyReadGenlib() skipped cell "sky130_fd_sc_hd__lpflow_bleeder_1" without logic function.
ABC: Scl_LibertyReadGenlib() skipped cell "sky130_fd_sc_hd__lpflow_decapkapwr_12" without logic function.
ABC: Scl_LibertyReadGenlib() skipped cell "sky130_fd_sc_hd__lpflow_decapkapwr_3" without logic function.
ABC: Scl_LibertyReadGenlib() skipped cell "sky130_fd_sc_hd__lpflow_decapkapwr_4" without logic function.
ABC: Scl_LibertyReadGenlib() skipped cell "sky130_fd_sc_hd__lpflow_decapkapwr_6" without logic function.
ABC: Scl_LibertyReadGenlib() skipped cell "sky130_fd_sc_hd__lpflow_decapkapwr_8" without logic function.
ABC: Scl_LibertyReadGenlib() skipped sequential cell "sky130_fd_sc_hd__lpflow_inputisolatch_1".
ABC: Scl_LibertyReadGenlib() skipped sequential cell "sky130_fd_sc_hd__sdfbbn_1".
ABC: Scl_LibertyReadGenlib() skipped sequential cell "sky130_fd_sc_hd__sdfbbn_2".
ABC: Scl_LibertyReadGenlib() skipped sequential cell "sky130_fd_sc_hd__sdfbbp_1".
ABC: Scl_LibertyReadGenlib() skipped sequential cell "sky130_fd_sc_hd__sdfrbp_1".
ABC: Scl_LibertyReadGenlib() skipped sequential cell "sky130_fd_sc_hd__sdfrbp_2".
ABC: Scl_LibertyReadGenlib() skipped sequential cell "sky130_fd_sc_hd__sdfrtn_1".
ABC: Scl_LibertyReadGenlib() skipped sequential cell "sky130_fd_sc_hd__sdfrtp_1".
ABC: Scl_LibertyReadGenlib() skipped sequential cell "sky130_fd_sc_hd__sdfrtp_2".
ABC: Scl_LibertyReadGenlib() skipped sequential cell "sky130_fd_sc_hd__sdfrtp_4".
ABC: Scl_LibertyReadGenlib() skipped sequential cell "sky130_fd_sc_hd__sdfsbp_1".
ABC: Scl_LibertyReadGenlib() skipped sequential cell "sky130_fd_sc_hd__sdfsbp_2".
ABC: Scl_LibertyReadGenlib() skipped sequential cell "sky130_fd_sc_hd__sdfstp_1".
ABC: Scl_LibertyReadGenlib() skipped sequential cell "sky130_fd_sc_hd__sdfstp_2".
ABC: Scl_LibertyReadGenlib() skipped sequential cell "sky130_fd_sc_hd__sdfstp_4".
ABC: Scl_LibertyReadGenlib() skipped sequential cell "sky130_fd_sc_hd__sdfxbp_1".
ABC: Scl_LibertyReadGenlib() skipped sequential cell "sky130_fd_sc_hd__sdfxbp_2".
ABC: Scl_LibertyReadGenlib() skipped sequential cell "sky130_fd_sc_hd__sdfxtp_1".
ABC: Scl_LibertyReadGenlib() skipped sequential cell "sky130_fd_sc_hd__sdfxtp_2".
ABC: Scl_LibertyReadGenlib() skipped sequential cell "sky130_fd_sc_hd__sdfxtp_4".
ABC: Scl_LibertyReadGenlib() skipped cell "sky130_fd_sc_hd__sdlclkp_1" without logic function.
ABC: Scl_LibertyReadGenlib() skipped cell "sky130_fd_sc_hd__sdlclkp_2" without logic function.
ABC: Scl_LibertyReadGenlib() skipped cell "sky130_fd_sc_hd__sdlclkp_4" without logic function.
ABC: Scl_LibertyReadGenlib() skipped sequential cell "sky130_fd_sc_hd__sedfxbp_1".
ABC: Scl_LibertyReadGenlib() skipped sequential cell "sky130_fd_sc_hd__sedfxbp_2".
ABC: Scl_LibertyReadGenlib() skipped sequential cell "sky130_fd_sc_hd__sedfxtp_1".
ABC: Scl_LibertyReadGenlib() skipped sequential cell "sky130_fd_sc_hd__sedfxtp_2".
ABC: Scl_LibertyReadGenlib() skipped sequential cell "sky130_fd_sc_hd__sedfxtp_4".
ABC: Library "sky130_fd_sc_hd__tt_025C_1v80" from "/home/kvsri/.volare/volare/sky130/versions/0fe599b2afb6708d281543108caf8310912f54af/sky130A/libs.ref/sky130_fd_sc_hd/lib/sky130_fd_sc_hd__tt_025C_1v80.lib" has 334 cells (94 skipped: 63 seq; 13 tri-state; 18 no func; 0 dont_use).  Time =     0.13 se