122. Printing statistics.

=== crossbar_mac ===

   Number of wires:                716
   Number of wire bits:            819
   Number of public wires:          28
   Number of public wire bits:     131
   Number of ports:                 12
   Number of port bits:            115
   Number of memories:               0
   Number of memory bits:            0
   Number of processes:              0
   Number of cells:                768
     sky130_fd_sc_hd__a211o_2        1
     sky130_fd_sc_hd__a21bo_2        1
     sky130_fd_sc_hd__a21boi_2       1
     sky130_fd_sc_hd__a21o_2        15
     sky130_fd_sc_hd__a21oi_2       31
     sky130_fd_sc_hd__a22o_2        18
     sky130_fd_sc_hd__a2bb2o_2       4
     sky130_fd_sc_hd__a311o_2        2
     sky130_fd_sc_hd__a31o_2         4
     sky130_fd_sc_hd__a31oi_2        1
     sky130_fd_sc_hd__a32o_2         2
     sky130_fd_sc_hd__and2_2        43
     sky130_fd_sc_hd__and2b_2       26
     sky130_fd_sc_hd__and3_2         8
     sky130_fd_sc_hd__and4bb_2       1
     sky130_fd_sc_hd__buf_2          3
     sky130_fd_sc_hd__dfrtp_2       16
     sky130_fd_sc_hd__inv_2         19
     sky130_fd_sc_hd__mux2_1       100
     sky130_fd_sc_hd__nand2_2       63
     sky130_fd_sc_hd__nand2b_2      20
     sky130_fd_sc_hd__nand3_2        5
     sky130_fd_sc_hd__nor2_2        71
     sky130_fd_sc_hd__nor3_2         6
     sky130_fd_sc_hd__nor4_2         2
     sky130_fd_sc_hd__o211a_2        6
     sky130_fd_sc_hd__o21a_2        17
     sky130_fd_sc_hd__o21ai_2       22
     sky130_fd_sc_hd__o21ba_2        7
     sky130_fd_sc_hd__o21bai_2       2
     sky130_fd_sc_hd__o22ai_2        6
     sky130_fd_sc_hd__o2bb2a_2       2
     sky130_fd_sc_hd__o311a_2        1
     sky130_fd_sc_hd__o31a_2        31
     sky130_fd_sc_hd__o31ai_2        1
     sky130_fd_sc_hd__o32a_2         4
     sky130_fd_sc_hd__o32ai_2        1
     sky130_fd_sc_hd__o41ai_2        2
     sky130_fd_sc_hd__or2_2         14
     sky130_fd_sc_hd__or3_2         10
     sky130_fd_sc_hd__or3b_2         4
     sky130_fd_sc_hd__or4_2         12
     sky130_fd_sc_hd__xnor2_2       95
     sky130_fd_sc_hd__xor2_2        68

   Chip area for module '\crossbar_mac': 8130.297600
     of which used for sequential elements: 420.403200 (5.17%)

